<?xml version="1.0" encoding="UTF-8"?>
<!-- Generated by org.testng.reporters.JUnitReportReporter -->
<testsuite hostname="win8thinkpad" name="test.First" tests="1" failures="0" timestamp="17 Aug 2020 04:03:09 GMT" time="27.148" errors="0">
  <testcase name="negativeLogin1" time="27.148" classname="test.First"/>
</testsuite> <!-- test.First -->
